<?xml version="1.0" encoding="UTF-8"?>
<!-- Generated by org.testng.reporters.JUnitReportReporter -->
<testsuite hostname="DESKTOP-SRU0R49" failures="0" tests="2" name="maven.firstMaven.AppTest" time="0.518" errors="0" timestamp="2025-04-19T10:58:58 EET" skipped="1">
  <testcase classname="maven.firstMaven.AppTest" name="FillingtheInputFields" time="0.518"/>
  <testcase classname="maven.firstMaven.AppTest" name="ScrollTest">
    <skipped/>
  </testcase> <!-- ScrollTest -->
</testsuite> <!-- maven.firstMaven.AppTest -->
